2020-12-26 01:08:02.937 [main] INFO  cn.ots.alarm.OtsAlarmApplication - Starting OtsAlarmApplication using Java 1.8.0_131 on LAPTOP-8HV0PVLQ with PID 10860 (D:\zhaijun-private\ots-alarm-system\target\classes started by 宅布斯大人 in D:\zhaijun-private\ots-alarm-system)
2020-12-26 01:08:02.939 [main] INFO  cn.ots.alarm.OtsAlarmApplication - No active profile set, falling back to default profiles: default
2020-12-26 01:08:03.454 [main] INFO  o.s.d.r.config.RepositoryConfigurationDelegate - Multiple Spring Data modules found, entering strict repository configuration mode!
2020-12-26 01:08:03.456 [main] INFO  o.s.d.r.config.RepositoryConfigurationDelegate - Bootstrapping Spring Data Redis repositories in DEFAULT mode.
2020-12-26 01:08:03.488 [main] INFO  o.s.d.r.config.RepositoryConfigurationDelegate - Finished Spring Data repository scanning in 17 ms. Found 0 Redis repository interfaces.
2020-12-26 01:08:03.859 [main] INFO  o.s.boot.web.embedded.tomcat.TomcatWebServer - Tomcat initialized with port(s): 8080 (http)
2020-12-26 01:08:03.867 [main] INFO  org.apache.coyote.http11.Http11NioProtocol - Initializing ProtocolHandler ["http-nio-8080"]
2020-12-26 01:08:03.867 [main] INFO  org.apache.catalina.core.StandardService - Starting service [Tomcat]
2020-12-26 01:08:03.867 [main] INFO  org.apache.catalina.core.StandardEngine - Starting Servlet engine: [Apache Tomcat/9.0.39]
2020-12-26 01:08:03.983 [main] INFO  o.a.c.core.ContainerBase.[Tomcat].[localhost].[/] - Initializing Spring embedded WebApplicationContext
2020-12-26 01:08:03.983 [main] INFO  o.s.b.w.s.c.ServletWebServerApplicationContext - Root WebApplicationContext: initialization completed in 1004 ms
2020-12-26 01:08:04.363 [main] INFO  o.s.scheduling.concurrent.ThreadPoolTaskExecutor - Initializing ExecutorService 'applicationTaskExecutor'
2020-12-26 01:08:04.736 [main] INFO  o.s.scheduling.concurrent.ThreadPoolTaskScheduler - Initializing ExecutorService 'taskScheduler'
2020-12-26 01:08:04.762 [main] INFO  org.apache.coyote.http11.Http11NioProtocol - Starting ProtocolHandler ["http-nio-8080"]
2020-12-26 01:08:04.779 [main] INFO  o.s.boot.web.embedded.tomcat.TomcatWebServer - Tomcat started on port(s): 8080 (http) with context path ''
2020-12-26 01:08:04.790 [main] INFO  cn.ots.alarm.OtsAlarmApplication - Started OtsAlarmApplication in 2.291 seconds (JVM running for 3.487)
2020-12-26 01:08:15.477 [nioEventLoopGroup-5-1] INFO  cn.ots.alarm.netty.NettyServerHandler - [NettyServerHandler-client-online]address:{}/127.0.0.1:54021
2020-12-26 01:08:21.175 [nioEventLoopGroup-5-1] INFO  cn.ots.alarm.netty.NettyServerHandler - [NettyServerHandler-channelRead]address:-6,req:4074e0fffe858847-00002a6c-00000001-2b66545aab9b51e0-d9fa84aa,cId:2,type:{}/127.0.0.1:54021
2020-12-26 01:14:10.478 [main] INFO  cn.ots.alarm.OtsAlarmApplication - Starting OtsAlarmApplication using Java 1.8.0_131 on LAPTOP-8HV0PVLQ with PID 17384 (D:\zhaijun-private\ots-alarm-system\target\classes started by 宅布斯大人 in D:\zhaijun-private\ots-alarm-system)
2020-12-26 01:14:10.480 [main] INFO  cn.ots.alarm.OtsAlarmApplication - No active profile set, falling back to default profiles: default
2020-12-26 01:14:10.954 [main] INFO  o.s.d.r.config.RepositoryConfigurationDelegate - Multiple Spring Data modules found, entering strict repository configuration mode!
2020-12-26 01:14:10.956 [main] INFO  o.s.d.r.config.RepositoryConfigurationDelegate - Bootstrapping Spring Data Redis repositories in DEFAULT mode.
2020-12-26 01:14:10.984 [main] INFO  o.s.d.r.config.RepositoryConfigurationDelegate - Finished Spring Data repository scanning in 16 ms. Found 0 Redis repository interfaces.
2020-12-26 01:14:11.318 [main] INFO  o.s.boot.web.embedded.tomcat.TomcatWebServer - Tomcat initialized with port(s): 8080 (http)
2020-12-26 01:14:11.325 [main] INFO  org.apache.coyote.http11.Http11NioProtocol - Initializing ProtocolHandler ["http-nio-8080"]
2020-12-26 01:14:11.325 [main] INFO  org.apache.catalina.core.StandardService - Starting service [Tomcat]
2020-12-26 01:14:11.325 [main] INFO  org.apache.catalina.core.StandardEngine - Starting Servlet engine: [Apache Tomcat/9.0.39]
2020-12-26 01:14:11.424 [main] INFO  o.a.c.core.ContainerBase.[Tomcat].[localhost].[/] - Initializing Spring embedded WebApplicationContext
2020-12-26 01:14:11.425 [main] INFO  o.s.b.w.s.c.ServletWebServerApplicationContext - Root WebApplicationContext: initialization completed in 907 ms
2020-12-26 01:14:11.777 [main] INFO  o.s.scheduling.concurrent.ThreadPoolTaskExecutor - Initializing ExecutorService 'applicationTaskExecutor'
2020-12-26 01:14:12.061 [main] INFO  o.s.scheduling.concurrent.ThreadPoolTaskScheduler - Initializing ExecutorService 'taskScheduler'
2020-12-26 01:14:12.077 [main] INFO  org.apache.coyote.http11.Http11NioProtocol - Starting ProtocolHandler ["http-nio-8080"]
2020-12-26 01:14:12.091 [main] INFO  o.s.boot.web.embedded.tomcat.TomcatWebServer - Tomcat started on port(s): 8080 (http) with context path ''
2020-12-26 01:14:12.100 [main] INFO  cn.ots.alarm.OtsAlarmApplication - Started OtsAlarmApplication in 1.974 seconds (JVM running for 3.096)
2020-12-26 01:14:29.896 [nioEventLoopGroup-5-1] INFO  cn.ots.alarm.netty.NettyServerHandler - [NettyServerHandler-client-online]address:{}/127.0.0.1:54203
2020-12-26 01:14:33.054 [nioEventLoopGroup-5-1] INFO  cn.ots.alarm.netty.NettyServerHandler - [NettyServerHandler-channelRead]address:-6,req:4074e0fffe858847-000043e8-00000001-390ee9305da10878-10badd54,cId:2,type:{}/127.0.0.1:54203
2020-12-26 01:20:28.659 [main] INFO  cn.ots.alarm.OtsAlarmApplication - Starting OtsAlarmApplication using Java 1.8.0_131 on LAPTOP-8HV0PVLQ with PID 15060 (D:\zhaijun-private\ots-alarm-system\target\classes started by 宅布斯大人 in D:\zhaijun-private\ots-alarm-system)
2020-12-26 01:20:28.662 [main] INFO  cn.ots.alarm.OtsAlarmApplication - No active profile set, falling back to default profiles: default
2020-12-26 01:20:29.113 [main] INFO  o.s.d.r.config.RepositoryConfigurationDelegate - Multiple Spring Data modules found, entering strict repository configuration mode!
2020-12-26 01:20:29.115 [main] INFO  o.s.d.r.config.RepositoryConfigurationDelegate - Bootstrapping Spring Data Redis repositories in DEFAULT mode.
2020-12-26 01:20:29.141 [main] INFO  o.s.d.r.config.RepositoryConfigurationDelegate - Finished Spring Data repository scanning in 15 ms. Found 0 Redis repository interfaces.
2020-12-26 01:20:29.447 [main] INFO  o.s.boot.web.embedded.tomcat.TomcatWebServer - Tomcat initialized with port(s): 8080 (http)
2020-12-26 01:20:29.452 [main] INFO  org.apache.coyote.http11.Http11NioProtocol - Initializing ProtocolHandler ["http-nio-8080"]
2020-12-26 01:20:29.453 [main] INFO  org.apache.catalina.core.StandardService - Starting service [Tomcat]
2020-12-26 01:20:29.453 [main] INFO  org.apache.catalina.core.StandardEngine - Starting Servlet engine: [Apache Tomcat/9.0.39]
2020-12-26 01:20:29.547 [main] INFO  o.a.c.core.ContainerBase.[Tomcat].[localhost].[/] - Initializing Spring embedded WebApplicationContext
2020-12-26 01:20:29.547 [main] INFO  o.s.b.w.s.c.ServletWebServerApplicationContext - Root WebApplicationContext: initialization completed in 851 ms
2020-12-26 01:20:29.861 [main] INFO  o.s.scheduling.concurrent.ThreadPoolTaskExecutor - Initializing ExecutorService 'applicationTaskExecutor'
2020-12-26 01:20:30.196 [main] INFO  o.s.scheduling.concurrent.ThreadPoolTaskScheduler - Initializing ExecutorService 'taskScheduler'
2020-12-26 01:20:30.213 [main] INFO  org.apache.coyote.http11.Http11NioProtocol - Starting ProtocolHandler ["http-nio-8080"]
2020-12-26 01:20:30.227 [main] INFO  o.s.boot.web.embedded.tomcat.TomcatWebServer - Tomcat started on port(s): 8080 (http) with context path ''
2020-12-26 01:20:30.236 [main] INFO  cn.ots.alarm.OtsAlarmApplication - Started OtsAlarmApplication in 1.911 seconds (JVM running for 3.038)
2020-12-26 01:20:34.394 [nioEventLoopGroup-5-1] INFO  cn.ots.alarm.netty.NettyServerHandler - [NettyServerHandler-client-online]address:{}/127.0.0.1:54380
2020-12-26 01:20:55.919 [main] INFO  cn.ots.alarm.OtsAlarmApplication - Starting OtsAlarmApplication using Java 1.8.0_131 on LAPTOP-8HV0PVLQ with PID 17280 (D:\zhaijun-private\ots-alarm-system\target\classes started by 宅布斯大人 in D:\zhaijun-private\ots-alarm-system)
2020-12-26 01:20:55.922 [main] INFO  cn.ots.alarm.OtsAlarmApplication - No active profile set, falling back to default profiles: default
2020-12-26 01:20:56.451 [main] INFO  o.s.d.r.config.RepositoryConfigurationDelegate - Multiple Spring Data modules found, entering strict repository configuration mode!
2020-12-26 01:20:56.453 [main] INFO  o.s.d.r.config.RepositoryConfigurationDelegate - Bootstrapping Spring Data Redis repositories in DEFAULT mode.
2020-12-26 01:20:56.488 [main] INFO  o.s.d.r.config.RepositoryConfigurationDelegate - Finished Spring Data repository scanning in 16 ms. Found 0 Redis repository interfaces.
2020-12-26 01:20:56.858 [main] INFO  o.s.boot.web.embedded.tomcat.TomcatWebServer - Tomcat initialized with port(s): 8080 (http)
2020-12-26 01:20:56.864 [main] INFO  org.apache.coyote.http11.Http11NioProtocol - Initializing ProtocolHandler ["http-nio-8080"]
2020-12-26 01:20:56.865 [main] INFO  org.apache.catalina.core.StandardService - Starting service [Tomcat]
2020-12-26 01:20:56.865 [main] INFO  org.apache.catalina.core.StandardEngine - Starting Servlet engine: [Apache Tomcat/9.0.39]
2020-12-26 01:20:56.978 [main] INFO  o.a.c.core.ContainerBase.[Tomcat].[localhost].[/] - Initializing Spring embedded WebApplicationContext
2020-12-26 01:20:56.978 [main] INFO  o.s.b.w.s.c.ServletWebServerApplicationContext - Root WebApplicationContext: initialization completed in 1015 ms
2020-12-26 01:20:57.396 [main] INFO  o.s.scheduling.concurrent.ThreadPoolTaskExecutor - Initializing ExecutorService 'applicationTaskExecutor'
2020-12-26 01:20:57.760 [main] INFO  o.s.scheduling.concurrent.ThreadPoolTaskScheduler - Initializing ExecutorService 'taskScheduler'
2020-12-26 01:20:57.781 [main] INFO  org.apache.coyote.http11.Http11NioProtocol - Starting ProtocolHandler ["http-nio-8080"]
2020-12-26 01:20:57.800 [main] INFO  o.s.boot.web.embedded.tomcat.TomcatWebServer - Tomcat started on port(s): 8080 (http) with context path ''
2020-12-26 01:20:57.812 [main] INFO  cn.ots.alarm.OtsAlarmApplication - Started OtsAlarmApplication in 2.319 seconds (JVM running for 3.627)
2020-12-26 01:20:59.609 [nioEventLoopGroup-5-1] INFO  cn.ots.alarm.netty.NettyServerHandler - [NettyServerHandler-client-online]address:{}/127.0.0.1:54501
2020-12-26 01:22:42.903 [SpringContextShutdownHook] INFO  o.s.scheduling.concurrent.ThreadPoolTaskScheduler - Shutting down ExecutorService 'taskScheduler'
2020-12-26 01:22:42.921 [SpringContextShutdownHook] INFO  o.s.scheduling.concurrent.ThreadPoolTaskExecutor - Shutting down ExecutorService 'applicationTaskExecutor'
2020-12-26 01:23:10.991 [main] INFO  cn.ots.alarm.OtsAlarmApplication - Starting OtsAlarmApplication using Java 1.8.0_131 on LAPTOP-8HV0PVLQ with PID 17320 (D:\zhaijun-private\ots-alarm-system\target\classes started by 宅布斯大人 in D:\zhaijun-private\ots-alarm-system)
2020-12-26 01:23:10.994 [main] INFO  cn.ots.alarm.OtsAlarmApplication - No active profile set, falling back to default profiles: default
2020-12-26 01:23:11.548 [main] INFO  o.s.d.r.config.RepositoryConfigurationDelegate - Multiple Spring Data modules found, entering strict repository configuration mode!
2020-12-26 01:23:11.550 [main] INFO  o.s.d.r.config.RepositoryConfigurationDelegate - Bootstrapping Spring Data Redis repositories in DEFAULT mode.
2020-12-26 01:23:11.587 [main] INFO  o.s.d.r.config.RepositoryConfigurationDelegate - Finished Spring Data repository scanning in 16 ms. Found 0 Redis repository interfaces.
2020-12-26 01:23:11.985 [main] INFO  o.s.boot.web.embedded.tomcat.TomcatWebServer - Tomcat initialized with port(s): 8080 (http)
2020-12-26 01:23:11.992 [main] INFO  org.apache.coyote.http11.Http11NioProtocol - Initializing ProtocolHandler ["http-nio-8080"]
2020-12-26 01:23:11.993 [main] INFO  org.apache.catalina.core.StandardService - Starting service [Tomcat]
2020-12-26 01:23:11.993 [main] INFO  org.apache.catalina.core.StandardEngine - Starting Servlet engine: [Apache Tomcat/9.0.39]
2020-12-26 01:23:12.110 [main] INFO  o.a.c.core.ContainerBase.[Tomcat].[localhost].[/] - Initializing Spring embedded WebApplicationContext
2020-12-26 01:23:12.110 [main] INFO  o.s.b.w.s.c.ServletWebServerApplicationContext - Root WebApplicationContext: initialization completed in 1072 ms
2020-12-26 01:23:12.560 [main] INFO  o.s.scheduling.concurrent.ThreadPoolTaskExecutor - Initializing ExecutorService 'applicationTaskExecutor'
2020-12-26 01:23:12.935 [main] INFO  o.s.scheduling.concurrent.ThreadPoolTaskScheduler - Initializing ExecutorService 'taskScheduler'
2020-12-26 01:23:12.956 [main] INFO  org.apache.coyote.http11.Http11NioProtocol - Starting ProtocolHandler ["http-nio-8080"]
2020-12-26 01:23:12.974 [main] INFO  o.s.boot.web.embedded.tomcat.TomcatWebServer - Tomcat started on port(s): 8080 (http) with context path ''
2020-12-26 01:23:12.986 [main] INFO  cn.ots.alarm.OtsAlarmApplication - Started OtsAlarmApplication in 2.455 seconds (JVM running for 3.975)
2020-12-26 01:23:14.969 [nioEventLoopGroup-5-1] INFO  cn.ots.alarm.netty.NettyServerHandler - [NettyServerHandler-client-online]address:{}/127.0.0.1:54677
2020-12-26 01:23:32.738 [nioEventLoopGroup-5-1] INFO  cn.ots.alarm.netty.NettyServerHandler - [NettyServerHandler-channelRead]address:-6,req:4074e0fffe858847-000043a8-00000001-1be4c23320290b87-ce875890,cId:2,type:{}/127.0.0.1:54677
2020-12-26 01:23:46.501 [SpringContextShutdownHook] INFO  o.s.scheduling.concurrent.ThreadPoolTaskScheduler - Shutting down ExecutorService 'taskScheduler'
2020-12-26 01:23:46.515 [SpringContextShutdownHook] INFO  o.s.scheduling.concurrent.ThreadPoolTaskExecutor - Shutting down ExecutorService 'applicationTaskExecutor'
